This is pdfTeX, Version 3.14159265-2.6-1.40.17 (MiKTeX 2.9) (preloaded format=pdflatex 2016.10.6)  21 OCT 2016 15:46
entering extended mode
**./NN_hw2.tex
(NN_hw2.tex
LaTeX2e <2016/03/31> patch level 3
Babel <3.9r> and hyphenation patterns for 75 language(s) loaded.
("D:\Program Files (x86)\MiKTeX 2.9\tex\latex\base\article.cls"
Document Class: article 2014/09/29 v1.4h Standard LaTeX document class
("D:\Program Files (x86)\MiKTeX 2.9\tex\latex\base\size12.clo"
File: size12.clo 2014/09/29 v1.4h Standard LaTeX file (size option)
)
\c@part=\count79
\c@section=\count80
\c@subsection=\count81
\c@subsubsection=\count82
\c@paragraph=\count83
\c@subparagraph=\count84
\c@figure=\count85
\c@table=\count86
\abovecaptionskip=\skip41
\belowcaptionskip=\skip42
\bibindent=\dimen102
)
("D:\Program Files (x86)\MiKTeX 2.9\tex\latex\tools\enumerate.sty"
Package: enumerate 2015/07/23 v3.00 enumerate extensions (DPC)
\@enLab=\toks14
)
("D:\Program Files (x86)\MiKTeX 2.9\tex\latex\cjk\CJKutf8.sty"
Package: CJKutf8 2015/04/18 4.8.4

("D:\Program Files (x86)\MiKTeX 2.9\tex\generic\oberdiek\ifpdf.sty"
Package: ifpdf 2016/05/14 v3.1 Provides the ifpdf switch
)
("D:\Program Files (x86)\MiKTeX 2.9\tex\latex\base\inputenc.sty"
Package: inputenc 2015/03/17 v1.2c Input encoding file
\inpenc@prehook=\toks15
\inpenc@posthook=\toks16

("D:\Program Files (x86)\MiKTeX 2.9\tex\latex\base\utf8.def"
File: utf8.def 2016/02/28 v1.1s UTF-8 support for inputenc
Now handling font encoding OML ...
... no UTF-8 mapping file for font encoding OML
Now handling font encoding T1 ...
... processing UTF-8 mapping file for font encoding T1

("D:\Program Files (x86)\MiKTeX 2.9\tex\latex\base\t1enc.dfu"
File: t1enc.dfu 2016/02/28 v1.1s UTF-8 support for inputenc
   defining Unicode char U+00A0 (decimal 160)
   defining Unicode char U+00A1 (decimal 161)
   defining Unicode char U+00A3 (decimal 163)
   defining Unicode char U+00AB (decimal 171)
   defining Unicode char U+00AD (decimal 173)
   defining Unicode char U+00BB (decimal 187)
   defining Unicode char U+00BF (decimal 191)
   defining Unicode char U+00C0 (decimal 192)
   defining Unicode char U+00C1 (decimal 193)
   defining Unicode char U+00C2 (decimal 194)
   defining Unicode char U+00C3 (decimal 195)
   defining Unicode char U+00C4 (decimal 196)
   defining Unicode char U+00C5 (decimal 197)
   defining Unicode char U+00C6 (decimal 198)
   defining Unicode char U+00C7 (decimal 199)
   defining Unicode char U+00C8 (decimal 200)
   defining Unicode char U+00C9 (decimal 201)
   defining Unicode char U+00CA (decimal 202)
   defining Unicode char U+00CB (decimal 203)
   defining Unicode char U+00CC (decimal 204)
   defining Unicode char U+00CD (decimal 205)
   defining Unicode char U+00CE (decimal 206)
   defining Unicode char U+00CF (decimal 207)
   defining Unicode char U+00D0 (decimal 208)
   defining Unicode char U+00D1 (decimal 209)
   defining Unicode char U+00D2 (decimal 210)
   defining Unicode char U+00D3 (decimal 211)
   defining Unicode char U+00D4 (decimal 212)
   defining Unicode char U+00D5 (decimal 213)
   defining Unicode char U+00D6 (decimal 214)
   defining Unicode char U+00D8 (decimal 216)
   defining Unicode char U+00D9 (decimal 217)
   defining Unicode char U+00DA (decimal 218)
   defining Unicode char U+00DB (decimal 219)
   defining Unicode char U+00DC (decimal 220)
   defining Unicode char U+00DD (decimal 221)
   defining Unicode char U+00DE (decimal 222)
   defining Unicode char U+00DF (decimal 223)
   defining Unicode char U+00E0 (decimal 224)
   defining Unicode char U+00E1 (decimal 225)
   defining Unicode char U+00E2 (decimal 226)
   defining Unicode char U+00E3 (decimal 227)
   defining Unicode char U+00E4 (decimal 228)
   defining Unicode char U+00E5 (decimal 229)
   defining Unicode char U+00E6 (decimal 230)
   defining Unicode char U+00E7 (decimal 231)
   defining Unicode char U+00E8 (decimal 232)
   defining Unicode char U+00E9 (decimal 233)
   defining Unicode char U+00EA (decimal 234)
   defining Unicode char U+00EB (decimal 235)
   defining Unicode char U+00EC (decimal 236)
   defining Unicode char U+00ED (decimal 237)
   defining Unicode char U+00EE (decimal 238)
   defining Unicode char U+00EF (decimal 239)
   defining Unicode char U+00F0 (decimal 240)
   defining Unicode char U+00F1 (decimal 241)
   defining Unicode char U+00F2 (decimal 242)
   defining Unicode char U+00F3 (decimal 243)
   defining Unicode char U+00F4 (decimal 244)
   defining Unicode char U+00F5 (decimal 245)
   defining Unicode char U+00F6 (decimal 246)
   defining Unicode char U+00F8 (decimal 248)
   defining Unicode char U+00F9 (decimal 249)
   defining Unicode char U+00FA (decimal 250)
   defining Unicode char U+00FB (decimal 251)
   defining Unicode char U+00FC (decimal 252)
   defining Unicode char U+00FD (decimal 253)
   defining Unicode char U+00FE (decimal 254)
   defining Unicode char U+00FF (decimal 255)
   defining Unicode char U+0100 (decimal 256)
   defining Unicode char U+0101 (decimal 257)
   defining Unicode char U+0102 (decimal 258)
   defining Unicode char U+0103 (decimal 259)
   defining Unicode char U+0104 (decimal 260)
   defining Unicode char U+0105 (decimal 261)
   defining Unicode char U+0106 (decimal 262)
   defining Unicode char U+0107 (decimal 263)
   defining Unicode char U+0108 (decimal 264)
   defining Unicode char U+0109 (decimal 265)
   defining Unicode char U+010A (decimal 266)
   defining Unicode char U+010B (decimal 267)
   defining Unicode char U+010C (decimal 268)
   defining Unicode char U+010D (decimal 269)
   defining Unicode char U+010E (decimal 270)
   defining Unicode char U+010F (decimal 271)
   defining Unicode char U+0110 (decimal 272)
   defining Unicode char U+0111 (decimal 273)
   defining Unicode char U+0112 (decimal 274)
   defining Unicode char U+0113 (decimal 275)
   defining Unicode char U+0114 (decimal 276)
   defining Unicode char U+0115 (decimal 277)
   defining Unicode char U+0116 (decimal 278)
   defining Unicode char U+0117 (decimal 279)
   defining Unicode char U+0118 (decimal 280)
   defining Unicode char U+0119 (decimal 281)
   defining Unicode char U+011A (decimal 282)
   defining Unicode char U+011B (decimal 283)
   defining Unicode char U+011C (decimal 284)
   defining Unicode char U+011D (decimal 285)
   defining Unicode char U+011E (decimal 286)
   defining Unicode char U+011F (decimal 287)
   defining Unicode char U+0120 (decimal 288)
   defining Unicode char U+0121 (decimal 289)
   defining Unicode char U+0122 (decimal 290)
   defining Unicode char U+0123 (decimal 291)
   defining Unicode char U+0124 (decimal 292)
   defining Unicode char U+0125 (decimal 293)
   defining Unicode char U+0128 (decimal 296)
   defining Unicode char U+0129 (decimal 297)
   defining Unicode char U+012A (decimal 298)
   defining Unicode char U+012B (decimal 299)
   defining Unicode char U+012C (decimal 300)
   defining Unicode char U+012D (decimal 301)
   defining Unicode char U+012E (decimal 302)
   defining Unicode char U+012F (decimal 303)
   defining Unicode char U+0130 (decimal 304)
   defining Unicode char U+0131 (decimal 305)
   defining Unicode char U+0132 (decimal 306)
   defining Unicode char U+0133 (decimal 307)
   defining Unicode char U+0134 (decimal 308)
   defining Unicode char U+0135 (decimal 309)
   defining Unicode char U+0136 (decimal 310)
   defining Unicode char U+0137 (decimal 311)
   defining Unicode char U+0139 (decimal 313)
   defining Unicode char U+013A (decimal 314)
   defining Unicode char U+013B (decimal 315)
   defining Unicode char U+013C (decimal 316)
   defining Unicode char U+013D (decimal 317)
   defining Unicode char U+013E (decimal 318)
   defining Unicode char U+0141 (decimal 321)
   defining Unicode char U+0142 (decimal 322)
   defining Unicode char U+0143 (decimal 323)
   defining Unicode char U+0144 (decimal 324)
   defining Unicode char U+0145 (decimal 325)
   defining Unicode char U+0146 (decimal 326)
   defining Unicode char U+0147 (decimal 327)
   defining Unicode char U+0148 (decimal 328)
   defining Unicode char U+014A (decimal 330)
   defining Unicode char U+014B (decimal 331)
   defining Unicode char U+014C (decimal 332)
   defining Unicode char U+014D (decimal 333)
   defining Unicode char U+014E (decimal 334)
   defining Unicode char U+014F (decimal 335)
   defining Unicode char U+0150 (decimal 336)
   defining Unicode char U+0151 (decimal 337)
   defining Unicode char U+0152 (decimal 338)
   defining Unicode char U+0153 (decimal 339)
   defining Unicode char U+0154 (decimal 340)
   defining Unicode char U+0155 (decimal 341)
   defining Unicode char U+0156 (decimal 342)
   defining Unicode char U+0157 (decimal 343)
   defining Unicode char U+0158 (decimal 344)
   defining Unicode char U+0159 (decimal 345)
   defining Unicode char U+015A (decimal 346)
   defining Unicode char U+015B (decimal 347)
   defining Unicode char U+015C (decimal 348)
   defining Unicode char U+015D (decimal 349)
   defining Unicode char U+015E (decimal 350)
   defining Unicode char U+015F (decimal 351)
   defining Unicode char U+0160 (decimal 352)
   defining Unicode char U+0161 (decimal 353)
   defining Unicode char U+0162 (decimal 354)
   defining Unicode char U+0163 (decimal 355)
   defining Unicode char U+0164 (decimal 356)
   defining Unicode char U+0165 (decimal 357)
   defining Unicode char U+0168 (decimal 360)
   defining Unicode char U+0169 (decimal 361)
   defining Unicode char U+016A (decimal 362)
   defining Unicode char U+016B (decimal 363)
   defining Unicode char U+016C (decimal 364)
   defining Unicode char U+016D (decimal 365)
   defining Unicode char U+016E (decimal 366)
   defining Unicode char U+016F (decimal 367)
   defining Unicode char U+0170 (decimal 368)
   defining Unicode char U+0171 (decimal 369)
   defining Unicode char U+0172 (decimal 370)
   defining Unicode char U+0173 (decimal 371)
   defining Unicode char U+0174 (decimal 372)
   defining Unicode char U+0175 (decimal 373)
   defining Unicode char U+0176 (decimal 374)
   defining Unicode char U+0177 (decimal 375)
   defining Unicode char U+0178 (decimal 376)
   defining Unicode char U+0179 (decimal 377)
   defining Unicode char U+017A (decimal 378)
   defining Unicode char U+017B (decimal 379)
   defining Unicode char U+017C (decimal 380)
   defining Unicode char U+017D (decimal 381)
   defining Unicode char U+017E (decimal 382)
   defining Unicode char U+01CD (decimal 461)
   defining Unicode char U+01CE (decimal 462)
   defining Unicode char U+01CF (decimal 463)
   defining Unicode char U+01D0 (decimal 464)
   defining Unicode char U+01D1 (decimal 465)
   defining Unicode char U+01D2 (decimal 466)
   defining Unicode char U+01D3 (decimal 467)
   defining Unicode char U+01D4 (decimal 468)
   defining Unicode char U+01E2 (decimal 482)
   defining Unicode char U+01E3 (decimal 483)
   defining Unicode char U+01E6 (decimal 486)
   defining Unicode char U+01E7 (decimal 487)
   defining Unicode char U+01E8 (decimal 488)
   defining Unicode char U+01E9 (decimal 489)
   defining Unicode char U+01EA (decimal 490)
   defining Unicode char U+01EB (decimal 491)
   defining Unicode char U+01F0 (decimal 496)
   defining Unicode char U+01F4 (decimal 500)
   defining Unicode char U+01F5 (decimal 501)
   defining Unicode char U+0218 (decimal 536)
   defining Unicode char U+0219 (decimal 537)
   defining Unicode char U+021A (decimal 538)
   defining Unicode char U+021B (decimal 539)
   defining Unicode char U+1E02 (decimal 7682)
   defining Unicode char U+1E03 (decimal 7683)
   defining Unicode char U+200C (decimal 8204)
   defining Unicode char U+2010 (decimal 8208)
   defining Unicode char U+2011 (decimal 8209)
   defining Unicode char U+2012 (decimal 8210)
   defining Unicode char U+2013 (decimal 8211)
   defining Unicode char U+2014 (decimal 8212)
   defining Unicode char U+2015 (decimal 8213)
   defining Unicode char U+2018 (decimal 8216)
   defining Unicode char U+2019 (decimal 8217)
   defining Unicode char U+201A (decimal 8218)
   defining Unicode char U+201C (decimal 8220)
   defining Unicode char U+201D (decimal 8221)
   defining Unicode char U+201E (decimal 8222)
   defining Unicode char U+2030 (decimal 8240)
   defining Unicode char U+2031 (decimal 8241)
   defining Unicode char U+2039 (decimal 8249)
   defining Unicode char U+203A (decimal 8250)
   defining Unicode char U+2423 (decimal 9251)
)
Now handling font encoding OT1 ...
... processing UTF-8 mapping file for font encoding OT1

("D:\Program Files (x86)\MiKTeX 2.9\tex\latex\base\ot1enc.dfu"
File: ot1enc.dfu 2016/02/28 v1.1s UTF-8 support for inputenc
   defining Unicode char U+00A0 (decimal 160)
   defining Unicode char U+00A1 (decimal 161)
   defining Unicode char U+00A3 (decimal 163)
   defining Unicode char U+00AD (decimal 173)
   defining Unicode char U+00B8 (decimal 184)
   defining Unicode char U+00BF (decimal 191)
   defining Unicode char U+00C5 (decimal 197)
   defining Unicode char U+00C6 (decimal 198)
   defining Unicode char U+00D8 (decimal 216)
   defining Unicode char U+00DF (decimal 223)
   defining Unicode char U+00E6 (decimal 230)
   defining Unicode char U+00EC (decimal 236)
   defining Unicode char U+00ED (decimal 237)
   defining Unicode char U+00EE (decimal 238)
   defining Unicode char U+00EF (decimal 239)
   defining Unicode char U+00F8 (decimal 248)
   defining Unicode char U+0131 (decimal 305)
   defining Unicode char U+0141 (decimal 321)
   defining Unicode char U+0142 (decimal 322)
   defining Unicode char U+0152 (decimal 338)
   defining Unicode char U+0153 (decimal 339)
   defining Unicode char U+0174 (decimal 372)
   defining Unicode char U+0175 (decimal 373)
   defining Unicode char U+0176 (decimal 374)
   defining Unicode char U+0177 (decimal 375)
   defining Unicode char U+0218 (decimal 536)
   defining Unicode char U+0219 (decimal 537)
   defining Unicode char U+021A (decimal 538)
   defining Unicode char U+021B (decimal 539)
   defining Unicode char U+2013 (decimal 8211)
   defining Unicode char U+2014 (decimal 8212)
   defining Unicode char U+2018 (decimal 8216)
   defining Unicode char U+2019 (decimal 8217)
   defining Unicode char U+201C (decimal 8220)
   defining Unicode char U+201D (decimal 8221)
)
Now handling font encoding OMS ...
... processing UTF-8 mapping file for font encoding OMS

("D:\Program Files (x86)\MiKTeX 2.9\tex\latex\base\omsenc.dfu"
File: omsenc.dfu 2016/02/28 v1.1s UTF-8 support for inputenc
   defining Unicode char U+00A7 (decimal 167)
   defining Unicode char U+00B6 (decimal 182)
   defining Unicode char U+00B7 (decimal 183)
   defining Unicode char U+2020 (decimal 8224)
   defining Unicode char U+2021 (decimal 8225)
   defining Unicode char U+2022 (decimal 8226)
)
Now handling font encoding OMX ...
... no UTF-8 mapping file for font encoding OMX
Now handling font encoding U ...
... no UTF-8 mapping file for font encoding U
   defining Unicode char U+00A9 (decimal 169)
   defining Unicode char U+00AA (decimal 170)
   defining Unicode char U+00AE (decimal 174)
   defining Unicode char U+00BA (decimal 186)
   defining Unicode char U+02C6 (decimal 710)
   defining Unicode char U+02DC (decimal 732)
   defining Unicode char U+200C (decimal 8204)
   defining Unicode char U+2026 (decimal 8230)
   defining Unicode char U+2122 (decimal 8482)
   defining Unicode char U+2423 (decimal 9251)
))
("D:\Program Files (x86)\MiKTeX 2.9\tex\latex\cjk\CJK.sty"
Package: CJK 2015/04/18 4.8.4

("D:\Program Files (x86)\MiKTeX 2.9\tex\latex\cjk\mule\MULEenc.sty"
Package: MULEenc 2015/04/18 4.8.4
)
("D:\Program Files (x86)\MiKTeX 2.9\tex\latex\cjk\CJK.enc"
File: CJK.enc 2015/04/18 4.8.4
Now handling font encoding C00 ...
... no UTF-8 mapping file for font encoding C00
Now handling font encoding C05 ...
... no UTF-8 mapping file for font encoding C05
Now handling font encoding C09 ...
... no UTF-8 mapping file for font encoding C09
Now handling font encoding C10 ...
... no UTF-8 mapping file for font encoding C10
Now handling font encoding C20 ...
... no UTF-8 mapping file for font encoding C20
Now handling font encoding C19 ...
... no UTF-8 mapping file for font encoding C19
Now handling font encoding C40 ...
... no UTF-8 mapping file for font encoding C40
Now handling font encoding C42 ...
... no UTF-8 mapping file for font encoding C42
Now handling font encoding C43 ...
... no UTF-8 mapping file for font encoding C43
Now handling font encoding C50 ...
... no UTF-8 mapping file for font encoding C50
Now handling font encoding C52 ...
... no UTF-8 mapping file for font encoding C52
Now handling font encoding C49 ...
... no UTF-8 mapping file for font encoding C49
Now handling font encoding C60 ...
... no UTF-8 mapping file for font encoding C60
Now handling font encoding C61 ...
... no UTF-8 mapping file for font encoding C61
Now handling font encoding C63 ...
... no UTF-8 mapping file for font encoding C63
Now handling font encoding C64 ...
... no UTF-8 mapping file for font encoding C64
Now handling font encoding C65 ...
... no UTF-8 mapping file for font encoding C65
Now handling font encoding C70 ...
... no UTF-8 mapping file for font encoding C70
Now handling font encoding C31 ...
... no UTF-8 mapping file for font encoding C31
Now handling font encoding C32 ...
... no UTF-8 mapping file for font encoding C32
Now handling font encoding C33 ...
... no UTF-8 mapping file for font encoding C33
Now handling font encoding C34 ...
... no UTF-8 mapping file for font encoding C34
Now handling font encoding C35 ...
... no UTF-8 mapping file for font encoding C35
Now handling font encoding C36 ...
... no UTF-8 mapping file for font encoding C36
Now handling font encoding C37 ...
... no UTF-8 mapping file for font encoding C37
Now handling font encoding C80 ...
... no UTF-8 mapping file for font encoding C80
Now handling font encoding C81 ...
... no UTF-8 mapping file for font encoding C81
Now handling font encoding C01 ...
... no UTF-8 mapping file for font encoding C01
Now handling font encoding C11 ...
... no UTF-8 mapping file for font encoding C11
Now handling font encoding C21 ...
... no UTF-8 mapping file for font encoding C21
Now handling font encoding C41 ...
... no UTF-8 mapping file for font encoding C41
Now handling font encoding C62 ...
... no UTF-8 mapping file for font encoding C62
)
LaTeX Info: Redefining \selectfont on input line 755.
\CJK@indent=\box26
)
("D:\Program Files (x86)\MiKTeX 2.9\tex\latex\base\fontenc.sty"
Package: fontenc 2016/06/19 v1.99m Standard LaTeX package
))
("D:\Program Files (x86)\MiKTeX 2.9\tex\latex\graphics\graphicx.sty"
Package: graphicx 2014/10/28 v1.0g Enhanced LaTeX Graphics (DPC,SPQR)

("D:\Program Files (x86)\MiKTeX 2.9\tex\latex\graphics\keyval.sty"
Package: keyval 2014/10/28 v1.15 key=value parser (DPC)
\KV@toks@=\toks17
)
("D:\Program Files (x86)\MiKTeX 2.9\tex\latex\graphics\graphics.sty"
Package: graphics 2016/07/10 v1.0t Standard LaTeX Graphics (DPC,SPQR)

("D:\Program Files (x86)\MiKTeX 2.9\tex\latex\graphics\trig.sty"
Package: trig 2016/01/03 v1.10 sin cos tan (DPC)
)
("D:\Program Files (x86)\MiKTeX 2.9\tex\latex\00miktex\graphics.cfg"
File: graphics.cfg 2016/06/04 v1.11 sample graphics configuration
)
Package graphics Info: Driver file: pdftex.def on input line 99.

("D:\Program Files (x86)\MiKTeX 2.9\tex\latex\graphics-def\pdftex.def"
File: pdftex.def 2016/07/10 v0.06j Graphics/color for pdfTeX

("D:\Program Files (x86)\MiKTeX 2.9\tex\generic\oberdiek\infwarerr.sty"
Package: infwarerr 2016/05/16 v1.4 Providing info/warning/error messages (HO)
)
("D:\Program Files (x86)\MiKTeX 2.9\tex\generic\oberdiek\ltxcmds.sty"
Package: ltxcmds 2016/05/16 v1.23 LaTeX kernel commands for general use (HO)
)
\Gread@gobject=\count87
))
\Gin@req@height=\dimen103
\Gin@req@width=\dimen104
)
("D:\Program Files (x86)\MiKTeX 2.9\tex\latex\amsmath\amsmath.sty"
Package: amsmath 2016/06/28 v2.15d AMS math features
\@mathmargin=\skip43

For additional information on amsmath, use the `?' option.
("D:\Program Files (x86)\MiKTeX 2.9\tex\latex\amsmath\amstext.sty"
Package: amstext 2000/06/29 v2.01 AMS text

("D:\Program Files (x86)\MiKTeX 2.9\tex\latex\amsmath\amsgen.sty"
File: amsgen.sty 1999/11/30 v2.0 generic functions
\@emptytoks=\toks18
\ex@=\dimen105
))
("D:\Program Files (x86)\MiKTeX 2.9\tex\latex\amsmath\amsbsy.sty"
Package: amsbsy 1999/11/29 v1.2d Bold Symbols
\pmbraise@=\dimen106
)
("D:\Program Files (x86)\MiKTeX 2.9\tex\latex\amsmath\amsopn.sty"
Package: amsopn 2016/03/08 v2.02 operator names
)
\inf@bad=\count88
LaTeX Info: Redefining \frac on input line 199.
\uproot@=\count89
\leftroot@=\count90
LaTeX Info: Redefining \overline on input line 297.
\classnum@=\count91
\DOTSCASE@=\count92
LaTeX Info: Redefining \ldots on input line 394.
LaTeX Info: Redefining \dots on input line 397.
LaTeX Info: Redefining \cdots on input line 518.
\Mathstrutbox@=\box27
\strutbox@=\box28
\big@size=\dimen107
LaTeX Font Info:    Redeclaring font encoding OML on input line 634.
LaTeX Font Info:    Redeclaring font encoding OMS on input line 635.
\macc@depth=\count93
\c@MaxMatrixCols=\count94
\dotsspace@=\muskip10
\c@parentequation=\count95
\dspbrk@lvl=\count96
\tag@help=\toks19
\row@=\count97
\column@=\count98
\maxfields@=\count99
\andhelp@=\toks20
\eqnshift@=\dimen108
\alignsep@=\dimen109
\tagshift@=\dimen110
\tagwidth@=\dimen111
\totwidth@=\dimen112
\lineht@=\dimen113
\@envbody=\toks21
\multlinegap=\skip44
\multlinetaggap=\skip45
\mathdisplay@stack=\toks22
LaTeX Info: Redefining \[ on input line 2739.
LaTeX Info: Redefining \] on input line 2740.
) (NN_hw2.aux)
\openout1 = `NN_hw2.aux'.

LaTeX Font Info:    Checking defaults for OML/cmm/m/it on input line 13.
LaTeX Font Info:    ... okay on input line 13.
LaTeX Font Info:    Checking defaults for T1/cmr/m/n on input line 13.
LaTeX Font Info:    ... okay on input line 13.
LaTeX Font Info:    Checking defaults for OT1/cmr/m/n on input line 13.
LaTeX Font Info:    ... okay on input line 13.
LaTeX Font Info:    Checking defaults for OMS/cmsy/m/n on input line 13.
LaTeX Font Info:    ... okay on input line 13.
LaTeX Font Info:    Checking defaults for OMX/cmex/m/n on input line 13.
LaTeX Font Info:    ... okay on input line 13.
LaTeX Font Info:    Checking defaults for U/cmr/m/n on input line 13.
LaTeX Font Info:    ... okay on input line 13.
LaTeX Font Info:    Checking defaults for C00/song/m/n on input line 13.
LaTeX Font Info:    ... okay on input line 13.
LaTeX Font Info:    Checking defaults for C05/song/m/n on input line 13.
LaTeX Font Info:    ... okay on input line 13.
LaTeX Font Info:    Checking defaults for C09/song/m/n on input line 13.
LaTeX Font Info:    ... okay on input line 13.
LaTeX Font Info:    Checking defaults for C10/song/m/n on input line 13.
LaTeX Font Info:    ... okay on input line 13.
LaTeX Font Info:    Checking defaults for C20/song/m/n on input line 13.
LaTeX Font Info:    ... okay on input line 13.
LaTeX Font Info:    Checking defaults for C19/song/m/n on input line 13.
LaTeX Font Info:    ... okay on input line 13.
LaTeX Font Info:    Checking defaults for C40/song/m/n on input line 13.
LaTeX Font Info:    ... okay on input line 13.
LaTeX Font Info:    Checking defaults for C42/song/m/n on input line 13.
LaTeX Font Info:    ... okay on input line 13.
LaTeX Font Info:    Checking defaults for C43/song/m/n on input line 13.
LaTeX Font Info:    ... okay on input line 13.
LaTeX Font Info:    Checking defaults for C50/song/m/n on input line 13.
LaTeX Font Info:    ... okay on input line 13.
LaTeX Font Info:    Checking defaults for C52/song/m/n on input line 13.
LaTeX Font Info:    ... okay on input line 13.
LaTeX Font Info:    Checking defaults for C49/song/m/n on input line 13.
LaTeX Font Info:    ... okay on input line 13.
LaTeX Font Info:    Checking defaults for C60/mj/m/n on input line 13.
LaTeX Font Info:    ... okay on input line 13.
LaTeX Font Info:    Checking defaults for C61/mj/m/n on input line 13.
LaTeX Font Info:    ... okay on input line 13.
LaTeX Font Info:    Checking defaults for C63/mj/m/n on input line 13.
LaTeX Font Info:    ... okay on input line 13.
LaTeX Font Info:    Checking defaults for C64/mj/m/n on input line 13.
LaTeX Font Info:    ... okay on input line 13.
LaTeX Font Info:    Checking defaults for C65/mj/m/n on input line 13.
LaTeX Font Info:    ... okay on input line 13.
LaTeX Font Info:    Checking defaults for C70/song/m/n on input line 13.
LaTeX Font Info:    ... okay on input line 13.
LaTeX Font Info:    Checking defaults for C31/song/m/n on input line 13.
LaTeX Font Info:    ... okay on input line 13.
LaTeX Font Info:    Checking defaults for C32/song/m/n on input line 13.
LaTeX Font Info:    ... okay on input line 13.
LaTeX Font Info:    Checking defaults for C33/song/m/n on input line 13.
LaTeX Font Info:    ... okay on input line 13.
LaTeX Font Info:    Checking defaults for C34/song/m/n on input line 13.
LaTeX Font Info:    ... okay on input line 13.
LaTeX Font Info:    Checking defaults for C35/song/m/n on input line 13.
LaTeX Font Info:    ... okay on input line 13.
LaTeX Font Info:    Checking defaults for C36/song/m/n on input line 13.
LaTeX Font Info:    ... okay on input line 13.
LaTeX Font Info:    Checking defaults for C37/song/m/n on input line 13.
LaTeX Font Info:    ... okay on input line 13.
LaTeX Font Info:    Checking defaults for C80/song/m/n on input line 13.
LaTeX Font Info:    ... okay on input line 13.
LaTeX Font Info:    Checking defaults for C81/song/m/n on input line 13.
LaTeX Font Info:    ... okay on input line 13.
LaTeX Font Info:    Checking defaults for C01/song/m/n on input line 13.
LaTeX Font Info:    ... okay on input line 13.
LaTeX Font Info:    Checking defaults for C11/song/m/n on input line 13.
LaTeX Font Info:    ... okay on input line 13.
LaTeX Font Info:    Checking defaults for C21/song/m/n on input line 13.
LaTeX Font Info:    ... okay on input line 13.
LaTeX Font Info:    Checking defaults for C41/song/m/n on input line 13.
LaTeX Font Info:    ... okay on input line 13.
LaTeX Font Info:    Checking defaults for C62/song/m/n on input line 13.
LaTeX Font Info:    ... okay on input line 13.
 ("D:\Program Files (x86)\MiKTeX 2.9\tex\context\base\supp-pdf.mkii"
[Loading MPS to PDF converter (version 2006.09.02).]
\scratchcounter=\count100
\scratchdimen=\dimen114
\scratchbox=\box29
\nofMPsegments=\count101
\nofMParguments=\count102
\everyMPshowfont=\toks23
\MPscratchCnt=\count103
\MPscratchDim=\dimen115
\MPnumerator=\count104
\makeMPintoPDFobject=\count105
\everyMPtoPDFconversion=\toks24
) ("D:\Program Files (x86)\MiKTeX 2.9\tex\generic\oberdiek\pdftexcmds.sty"
Package: pdftexcmds 2016/05/21 v0.22 Utility functions of pdfTeX for LuaTeX (HO
)

("D:\Program Files (x86)\MiKTeX 2.9\tex\generic\oberdiek\ifluatex.sty"
Package: ifluatex 2016/05/16 v1.4 Provides the ifluatex switch (HO)
Package ifluatex Info: LuaTeX not detected.
)
Package pdftexcmds Info: LuaTeX not detected.
Package pdftexcmds Info: \pdf@primitive is available.
Package pdftexcmds Info: \pdf@ifprimitive is available.
Package pdftexcmds Info: \pdfdraftmode found.
)
("D:\Program Files (x86)\MiKTeX 2.9\tex\latex\oberdiek\epstopdf-base.sty"
Package: epstopdf-base 2016/05/15 v2.6 Base part for package epstopdf

("D:\Program Files (x86)\MiKTeX 2.9\tex\latex\oberdiek\grfext.sty"
Package: grfext 2016/05/16 v1.2 Manage graphics extensions (HO)

("D:\Program Files (x86)\MiKTeX 2.9\tex\generic\oberdiek\kvdefinekeys.sty"
Package: kvdefinekeys 2016/05/16 v1.4 Define keys (HO)
))
("D:\Program Files (x86)\MiKTeX 2.9\tex\latex\oberdiek\kvoptions.sty"
Package: kvoptions 2016/05/16 v3.12 Key value format for package options (HO)

("D:\Program Files (x86)\MiKTeX 2.9\tex\generic\oberdiek\kvsetkeys.sty"
Package: kvsetkeys 2016/05/16 v1.17 Key value parser (HO)

("D:\Program Files (x86)\MiKTeX 2.9\tex\generic\oberdiek\etexcmds.sty"
Package: etexcmds 2016/05/16 v1.6 Avoid name clashes with e-TeX commands (HO)
Package etexcmds Info: Could not find \expanded.
(etexcmds)             That can mean that you are not using pdfTeX 1.50 or
(etexcmds)             that some package has redefined \expanded.
(etexcmds)             In the latter case, load this package earlier.
)))
Package epstopdf-base Info: Redefining graphics rule for `.eps' on input line 4
38.
Package grfext Info: Graphics extension search list:
(grfext)             [.png,.pdf,.jpg,.mps,.jpeg,.jbig2,.jb2,.PNG,.PDF,.JPG,.JPE
G,.JBIG2,.JB2,.eps]
(grfext)             \AppendGraphicsExtensions on input line 456.
)
("D:\Program Files (x86)\MiKTeX 2.9\tex\latex\cjk\UTF8\UTF8.bdg"
File: UTF8.bdg 2015/04/18 4.8.4
)
("D:\Program Files (x86)\MiKTeX 2.9\tex\latex\cjk\UTF8\UTF8.enc"
File: UTF8.enc 2015/04/18 4.8.4
)
("D:\Program Files (x86)\MiKTeX 2.9\tex\latex\cjk\UTF8\UTF8.chr"
File: UTF8.chr 2015/04/18 4.8.4
)
LaTeX Font Info:    Try loading font information for C70+bsmi on input line 16.


("D:\Program Files (x86)\MiKTeX 2.9\tex\latex\cjk\UTF8\c70bsmi.fd"
File: c70bsmi.fd 2015/04/18 4.8.4
)
("D:\Program Files (x86)\MiKTeX 2.9\tex\latex\cjk\UTF8\c70bsmi.fdx"
File: c70bsmi.fdx 2015/04/18 4.8.4
) [1

{C:/ProgramData/MiKTeX/2.9/pdftex/config/pdftex.map}]
<hw2.png, id=19, 740.7675pt x 446.26724pt>
File: hw2.png Graphic file (type png)
 <use hw2.png>
Package pdftex.def Info: hw2.png used on input line 21.
(pdftex.def)             Requested size: 370.38284pt x 223.13307pt.

Overfull \hbox (29.3747pt too wide) in paragraph at lines 25--53
[] 
 []

[2 <./hw2.png>] [3]
Overfull \hbox (65.1726pt too wide) in paragraph at lines 96--117
[] []$ 
 []


Overfull \hbox (36.68292pt too wide) in paragraph at lines 118--139
[] []$ 
 []

[4]
Overfull \hbox (91.24785pt too wide) in paragraph at lines 142--175
[] []$ 
 []

[5]
Overfull \hbox (91.83148pt too wide) in paragraph at lines 177--213
[] []$ 
 []


Overfull \hbox (55.22438pt too wide) in paragraph at lines 177--213
[] 
 []

[6]
Underfull \hbox (badness 10000) in paragraph at lines 223--227

 []

<irishh1.pdf, id=44, 426.59375pt x 426.59375pt>
File: irishh1.pdf Graphic file (type pdf)
 <use irishh1.pdf>
Package pdftex.def Info: irishh1.pdf used on input line 243.
(pdftex.def)             Requested size: 255.95822pt x 255.95822pt.
 [7 <./irishh1.pdf>]
File: irishh1.pdf Graphic file (type pdf)
 <use irishh1.pdf>
Package pdftex.def Info: irishh1.pdf used on input line 246.
(pdftex.def)             Requested size: 255.95822pt x 255.95822pt.
File: irishh1.pdf Graphic file (type pdf)
 <use irishh1.pdf>
Package pdftex.def Info: irishh1.pdf used on input line 248.
(pdftex.def)             Requested size: 255.95822pt x 255.95822pt.
 [8]
<irisss1.pdf, id=54, 426.59375pt x 426.59375pt>
File: irisss1.pdf Graphic file (type pdf)
 <use irisss1.pdf>
Package pdftex.def Info: irisss1.pdf used on input line 257.
(pdftex.def)             Requested size: 255.95822pt x 255.95822pt.
 [9 <./irisss1.pdf>]
File: irisss1.pdf Graphic file (type pdf)
 <use irisss1.pdf>
Package pdftex.def Info: irisss1.pdf used on input line 260.
(pdftex.def)             Requested size: 255.95822pt x 255.95822pt.
File: irisss1.pdf Graphic file (type pdf)
 <use irisss1.pdf>
Package pdftex.def Info: irisss1.pdf used on input line 262.
(pdftex.def)             Requested size: 255.95822pt x 255.95822pt.
 [10]
<irishs1.pdf, id=63, 426.59375pt x 426.59375pt>
File: irishs1.pdf Graphic file (type pdf)
 <use irishs1.pdf>
Package pdftex.def Info: irishs1.pdf used on input line 271.
(pdftex.def)             Requested size: 255.95822pt x 255.95822pt.
 [11 <./irishs1.pdf>]
File: irishs1.pdf Graphic file (type pdf)
 <use irishs1.pdf>
Package pdftex.def Info: irishs1.pdf used on input line 274.
(pdftex.def)             Requested size: 255.95822pt x 255.95822pt.
File: irishs1.pdf Graphic file (type pdf)
 <use irishs1.pdf>
Package pdftex.def Info: irishs1.pdf used on input line 276.
(pdftex.def)             Requested size: 255.95822pt x 255.95822pt.
 [12]
<iriscurve.pdf, id=72, 426.59375pt x 426.59375pt>
File: iriscurve.pdf Graphic file (type pdf)
 <use iriscurve.pdf>
Package pdftex.def Info: iriscurve.pdf used on input line 283.
(pdftex.def)             Requested size: 298.61357pt x 298.61357pt.
 [13 <./iriscurve.pdf>] <winehh1.pdf, id=80, 426.59375pt x 426.59375pt>
File: winehh1.pdf Graphic file (type pdf)

<use winehh1.pdf>
Package pdftex.def Info: winehh1.pdf used on input line 304.
(pdftex.def)             Requested size: 255.95822pt x 255.95822pt.
 [14 <./winehh1.pdf>]
File: winehh1.pdf Graphic file (type pdf)
 <use winehh1.pdf>
Package pdftex.def Info: winehh1.pdf used on input line 307.
(pdftex.def)             Requested size: 255.95822pt x 255.95822pt.
File: winehh1.pdf Graphic file (type pdf)
 <use winehh1.pdf>
Package pdftex.def Info: winehh1.pdf used on input line 309.
(pdftex.def)             Requested size: 255.95822pt x 255.95822pt.

[15] <winess1.pdf, id=89, 426.59375pt x 426.59375pt>
File: winess1.pdf Graphic file (type pdf)
 <use winess1.pdf>
Package pdftex.def Info: winess1.pdf used on input line 318.
(pdftex.def)             Requested size: 255.95822pt x 255.95822pt.
 [16 <./winess1.pdf>]
File: winess1.pdf Graphic file (type pdf)
 <use winess1.pdf>
Package pdftex.def Info: winess1.pdf used on input line 321.
(pdftex.def)             Requested size: 255.95822pt x 255.95822pt.
File: winess1.pdf Graphic file (type pdf)
 <use winess1.pdf>
Package pdftex.def Info: winess1.pdf used on input line 323.
(pdftex.def)             Requested size: 255.95822pt x 255.95822pt.
 [17]
<winehs1.pdf, id=98, 426.59375pt x 426.59375pt>
File: winehs1.pdf Graphic file (type pdf)
 <use winehs1.pdf>
Package pdftex.def Info: winehs1.pdf used on input line 332.
(pdftex.def)             Requested size: 255.95822pt x 255.95822pt.
 [18 <./winehs1.pdf>]
File: winehs1.pdf Graphic file (type pdf)
 <use winehs1.pdf>
Package pdftex.def Info: winehs1.pdf used on input line 335.
(pdftex.def)             Requested size: 255.95822pt x 255.95822pt.
File: winehs1.pdf Graphic file (type pdf)
 <use winehs1.pdf>
Package pdftex.def Info: winehs1.pdf used on input line 337.
(pdftex.def)             Requested size: 255.95822pt x 255.95822pt.
 [19]
<winecurve.pdf, id=108, 426.59375pt x 426.59375pt>
File: winecurve.pdf Graphic file (type pdf)
 <use winecurve.pdf>
Package pdftex.def Info: winecurve.pdf used on input line 344.
(pdftex.def)             Requested size: 298.61357pt x 298.61357pt.
 [20 <./winecurve.pdf>] <breasthh1.pdf, id=115, 426.59375pt x 426.59375pt>
File: breasthh1.pdf Graphic file (type pdf)

<use breasthh1.pdf>
Package pdftex.def Info: breasthh1.pdf used on input line 364.
(pdftex.def)             Requested size: 255.95822pt x 255.95822pt.
 [21 <./breasthh1.pdf>]
File: breasthh1.pdf Graphic file (type pdf)
 <use breasthh1.pdf>
Package pdftex.def Info: breasthh1.pdf used on input line 367.
(pdftex.def)             Requested size: 255.95822pt x 255.95822pt.
File: breasthh1.pdf Graphic file (type pdf)

<use breasthh1.pdf>
Package pdftex.def Info: breasthh1.pdf used on input line 369.
(pdftex.def)             Requested size: 255.95822pt x 255.95822pt.
 [22] <breastss1.pdf, id=124, 426.59375pt x 426.59375pt>
File: breastss1.pdf Graphic file (type pdf)

<use breastss1.pdf>
Package pdftex.def Info: breastss1.pdf used on input line 378.
(pdftex.def)             Requested size: 255.95822pt x 255.95822pt.
 [23 <./breastss1.pdf>]
File: breastss1.pdf Graphic file (type pdf)
 <use breastss1.pdf>
Package pdftex.def Info: breastss1.pdf used on input line 381.
(pdftex.def)             Requested size: 255.95822pt x 255.95822pt.
File: breastss1.pdf Graphic file (type pdf)

<use breastss1.pdf>
Package pdftex.def Info: breastss1.pdf used on input line 383.
(pdftex.def)             Requested size: 255.95822pt x 255.95822pt.
 [24] <breasths1.pdf, id=133, 426.59375pt x 426.59375pt>
File: breasths1.pdf Graphic file (type pdf)

<use breasths1.pdf>
Package pdftex.def Info: breasths1.pdf used on input line 392.
(pdftex.def)             Requested size: 255.95822pt x 255.95822pt.
 [25 <./breasths1.pdf>]
File: breasths1.pdf Graphic file (type pdf)
 <use breasths1.pdf>
Package pdftex.def Info: breasths1.pdf used on input line 395.
(pdftex.def)             Requested size: 255.95822pt x 255.95822pt.
File: breasths1.pdf Graphic file (type pdf)

<use breasths1.pdf>
Package pdftex.def Info: breasths1.pdf used on input line 397.
(pdftex.def)             Requested size: 255.95822pt x 255.95822pt.
 [26] <breastcurve.pdf, id=143, 426.59375pt x 426.59375pt>
File: breastcurve.pdf Graphic file (type pdf)

<use breastcurve.pdf>
Package pdftex.def Info: breastcurve.pdf used on input line 404.
(pdftex.def)             Requested size: 298.61357pt x 298.61357pt.
 [27 <./breastcurve.pdf>]
<yeasthh1.pdf, id=150, 426.59375pt x 426.59375pt>
File: yeasthh1.pdf Graphic file (type pdf)
 <use yeasthh1.pdf>
Package pdftex.def Info: yeasthh1.pdf used on input line 425.
(pdftex.def)             Requested size: 255.95822pt x 255.95822pt.
 [28 <./yeasthh1.pdf>] <yeasthh2.pdf, id=157, 426.59375pt x 426.59375pt>
File: yeasthh2.pdf Graphic file (type pdf)

<use yeasthh2.pdf>
Package pdftex.def Info: yeasthh2.pdf used on input line 428.
(pdftex.def)             Requested size: 255.95822pt x 255.95822pt.
 <yeasthh3.pdf, id=158, 426.59375pt x 426.59375pt>
File: yeasthh3.pdf Graphic file (type pdf)

<use yeasthh3.pdf>
Package pdftex.def Info: yeasthh3.pdf used on input line 430.
(pdftex.def)             Requested size: 255.95822pt x 255.95822pt.
 [29 <./yeasthh2.pdf> <./yeasthh3.pdf>]
<yeastss1.pdf, id=168, 426.59375pt x 426.59375pt>
File: yeastss1.pdf Graphic file (type pdf)
 <use yeastss1.pdf>
Package pdftex.def Info: yeastss1.pdf used on input line 439.
(pdftex.def)             Requested size: 255.95822pt x 255.95822pt.
 [30 <./yeastss1.pdf>] <yeastss2.pdf, id=175, 426.59375pt x 426.59375pt>
File: yeastss2.pdf Graphic file (type pdf)

<use yeastss2.pdf>
Package pdftex.def Info: yeastss2.pdf used on input line 442.
(pdftex.def)             Requested size: 255.95822pt x 255.95822pt.
 <yeastss3.pdf, id=176, 426.59375pt x 426.59375pt>
File: yeastss3.pdf Graphic file (type pdf)

<use yeastss3.pdf>
Package pdftex.def Info: yeastss3.pdf used on input line 444.
(pdftex.def)             Requested size: 255.95822pt x 255.95822pt.
 [31 <./yeastss2.pdf> <./yeastss3.pdf>]
<yeasths1.pdf, id=187, 426.59375pt x 426.59375pt>
File: yeasths1.pdf Graphic file (type pdf)
 <use yeasths1.pdf>
Package pdftex.def Info: yeasths1.pdf used on input line 453.
(pdftex.def)             Requested size: 255.95822pt x 255.95822pt.
 [32 <./yeasths1.pdf>] <yeasths2.pdf, id=194, 426.59375pt x 426.59375pt>
File: yeasths2.pdf Graphic file (type pdf)

<use yeasths2.pdf>
Package pdftex.def Info: yeasths2.pdf used on input line 456.
(pdftex.def)             Requested size: 255.95822pt x 255.95822pt.
 <yeasths3.pdf, id=195, 426.59375pt x 426.59375pt>
File: yeasths3.pdf Graphic file (type pdf)

<use yeasths3.pdf>
Package pdftex.def Info: yeasths3.pdf used on input line 458.
(pdftex.def)             Requested size: 255.95822pt x 255.95822pt.
 [33 <./yeasths2.pdf> <./yeasths3.pdf>]
<yeastcurve.pdf, id=205, 426.59375pt x 426.59375pt>
File: yeastcurve.pdf Graphic file (type pdf)
 <use yeastcurve.pdf>
Package pdftex.def Info: yeastcurve.pdf used on input line 465.
(pdftex.def)             Requested size: 298.61357pt x 298.61357pt.

[34 <./yeastcurve.pdf>]
Underfull \hbox (badness 10000) in paragraph at lines 471--474

 []

<y1.pdf, id=212, 426.59375pt x 426.59375pt>
File: y1.pdf Graphic file (type pdf)
 <use y1.pdf>
Package pdftex.def Info: y1.pdf used on input line 485.
(pdftex.def)             Requested size: 255.95822pt x 255.95822pt.

<y2.pdf, id=213, 426.59375pt x 426.59375pt>
File: y2.pdf Graphic file (type pdf)
 <use y2.pdf>
Package pdftex.def Info: y2.pdf used on input line 486.
(pdftex.def)             Requested size: 255.95822pt x 255.95822pt.
 [35 <./y1.pdf>]
[36 <./y2.pdf>] <y12.pdf, id=226, 426.59375pt x 426.59375pt>
File: y12.pdf Graphic file (type pdf)
 <use y12.pdf>
Package pdftex.def Info: y12.pdf used on input line 489.
(pdftex.def)             Requested size: 255.95822pt x 255.95822pt.

<y22.pdf, id=227, 426.59375pt x 426.59375pt>
File: y22.pdf Graphic file (type pdf)
 <use y22.pdf>
Package pdftex.def Info: y22.pdf used on input line 490.
(pdftex.def)             Requested size: 255.95822pt x 255.95822pt.
 [37 <./y12.pdf> <./y22.pdf>] <y13.pdf, id=238, 426.59375pt x 426.59375pt>
File: y13.pdf Graphic file (type pdf)
 <use y13.pdf>
Package pdftex.def Info: y13.pdf used on input line 493.
(pdftex.def)             Requested size: 255.95822pt x 255.95822pt.

<y23.pdf, id=239, 426.59375pt x 426.59375pt>
File: y23.pdf Graphic file (type pdf)
 <use y23.pdf>
Package pdftex.def Info: y23.pdf used on input line 494.
(pdftex.def)             Requested size: 255.95822pt x 255.95822pt.
 [38 <./y13.pdf> <./y23.pdf>] <y1curve.pdf, id=249, 426.59375pt x 426.59375pt>
File: y1curve.pdf Graphic file (type pdf)
 <use y1curve.pdf>
Package pdftex.def Info: y1curve.pdf used on input line 504.
(pdftex.def)             Requested size: 255.95822pt x 255.95822pt.

<y2curve.pdf, id=250, 426.59375pt x 426.59375pt>
File: y2curve.pdf Graphic file (type pdf)
 <use y2curve.pdf>
Package pdftex.def Info: y2curve.pdf used on input line 506.
(pdftex.def)             Requested size: 255.95822pt x 255.95822pt.

Underfull \hbox (badness 10000) in paragraph at lines 499--507

 []

[39 <./y1curve.pdf> <./y2curve.pdf>] [40] (NN_hw2.aux) ) 
Here is how much of TeX's memory you used:
 4022 strings out of 493334
 50282 string characters out of 3136675
 116545 words of memory out of 3000000
 7420 multiletter control sequences out of 15000+200000
 11086 words of font info for 40 fonts, out of 3000000 for 9000
 1141 hyphenation exceptions out of 8191
 40i,9n,25p,259b,1058s stack positions out of 5000i,500n,10000p,200000b,50000s
<D:/Program Files (x86)
/MiKTeX 2.9/fonts/type1/arphic/bsmiu/bsmiu51.pfb><D:/Program Files (x86)/MiKTeX
 2.9/fonts/type1/arphic/bsmiu/bsmiu5f.pfb><D:/Program Files (x86)/MiKTeX 2.9/fo
nts/type1/arphic/bsmiu/bsmiu62.pfb><D:/Program Files (x86)/MiKTeX 2.9/fonts/typ
e1/arphic/bsmiu/bsmiu68.pfb><D:/Program Files (x86)/MiKTeX 2.9/fonts/type1/arph
ic/bsmiu/bsmiu6a.pfb><D:/Program Files (x86)/MiKTeX 2.9/fonts/type1/arphic/bsmi
u/bsmiu77.pfb><D:/Program Files (x86)/MiKTeX 2.9/fonts/type1/public/amsfonts/cm
/cmbx12.pfb><D:/Program Files (x86)/MiKTeX 2.9/fonts/type1/public/amsfonts/cm/c
mex10.pfb><D:/Program Files (x86)/MiKTeX 2.9/fonts/type1/public/amsfonts/cm/cmm
i12.pfb><D:/Program Files (x86)/MiKTeX 2.9/fonts/type1/public/amsfonts/cm/cmmi6
.pfb><D:/Program Files (x86)/MiKTeX 2.9/fonts/type1/public/amsfonts/cm/cmmi8.pf
b><D:/Program Files (x86)/MiKTeX 2.9/fonts/type1/public/amsfonts/cm/cmr12.pfb><
D:/Program Files (x86)/MiKTeX 2.9/fonts/type1/public/amsfonts/cm/cmr17.pfb><D:/
Program Files (x86)/MiKTeX 2.9/fonts/type1/public/amsfonts/cm/cmr6.pfb><D:/Prog
ram Files (x86)/MiKTeX 2.9/fonts/type1/public/amsfonts/cm/cmr8.pfb><D:/Program 
Files (x86)/MiKTeX 2.9/fonts/type1/public/amsfonts/cm/cmsy10.pfb><D:/Program Fi
les (x86)/MiKTeX 2.9/fonts/type1/public/amsfonts/cm/cmsy8.pfb>
Output written on NN_hw2.pdf (40 pages, 564549 bytes).
PDF statistics:
 318 PDF objects out of 1000 (max. 8388607)
 0 named destinations out of 1000 (max. 500000)
 180 words of extra memory for PDF output out of 10000 (max. 10000000)

